cocos2d/cocos/platform/android/libcocos2dx/build/intermediates/manifest_merge_blame_file/release/manifest-merger-blame-release-report.txt
1<?xml version="1.0" encoding="utf-8"?>
2<manifest xmlns:android="http://schemas.android.com/apk/res/android"
3    package="org.cocos2dx.lib"
4    android:versionCode="1"
5    android:versionName="1.0" >
6
7    <uses-sdk
8        android:minSdkVersion="17"
8-->android\libcocos2dx\AndroidManifest.xml
9        android:targetSdkVersion="28" />
9-->android\libcocos2dx\AndroidManifest.xml
10
11    <uses-permission android:name="android.permission.VIBRATE" />
11-->android\libcocos2dx\AndroidManifest.xml:3:5-66
11-->android\libcocos2dx\AndroidManifest.xml:3:22-63
12
13    <application android:allowBackup="true" >
13-->android\libcocos2dx\AndroidManifest.xml:5:5-7:19
13-->android\libcocos2dx\AndroidManifest.xml:5:18-44
14    </application>
15
16</manifest>